1612234341322	geckodriver	INFO	Listening on 127.0.0.1:52145
1612234344662	mozrunner::runner	INFO	Running command: "C:\\Program Files\\Firefox Developer Edition\\firefox.exe" "--marionette" "-foreground" "-no-remote" "-profile" "C:\\Users\\LadyDeveloper\\AppData\\Local\\Temp\\rust_mozprofilelIcY2p"
1612234390432	geckodriver	INFO	Listening on 127.0.0.1:52206
1612234393644	mozrunner::runner	INFO	Running command: "C:\\Program Files\\Firefox Developer Edition\\firefox.exe" "--marionette" "-foreground" "-no-remote" "-profile" "C:\\Users\\LadyDeveloper\\AppData\\Local\\Temp\\rust_mozprofile3iOEKD"
console.warn: SearchSettings: "get: No settings file exists, new profile?" (new Error("", "(unknown module)"))
1612234398180	Marionette	INFO	Listening on port 52214
1612234398409	Marionette	WARN	TLS certificate errors will be ignored for this session
JavaScript error: https://static-exp1.licdn.com/sc/p/com.linkedin.jobs-guest-frontend%3Ajobs-guest-frontend-static-content%2B1.1.1000/f/%2Fjobs-guest-frontend%2Fdist%2FguestHouseJobsSearch.js, line 1: TypeError: can't access property "then", e.tracking is undefined
JavaScript error: resource://gre/actors/AutoCompleteChild.jsm, line 125: Error: Invalid autocomplete selectedIndex
JavaScript error: resource://gre/actors/AutoCompleteChild.jsm, line 125: Error: Invalid autocomplete selectedIndex
JavaScript error: resource://gre/actors/AutoCompleteChild.jsm, line 125: Error: Invalid autocomplete selectedIndex
JavaScript error: resource://gre/actors/AutoCompleteChild.jsm, line 125: Error: Invalid autocomplete selectedIndex
JavaScript error: resource://gre/actors/AutoCompleteChild.jsm, line 125: Error: Invalid autocomplete selectedIndex
JavaScript error: resource://gre/actors/AutoCompleteChild.jsm, line 125: Error: Invalid autocomplete selectedIndex
JavaScript error: resource://gre/actors/AutoCompleteChild.jsm, line 125: Error: Invalid autocomplete selectedIndex
JavaScript error: resource://gre/actors/AutoCompleteChild.jsm, line 125: Error: Invalid autocomplete selectedIndex
JavaScript error: resource://gre/actors/AutoCompleteChild.jsm, line 125: Error: Invalid autocomplete selectedIndex
console.warn: LoginRecipes: "getRecipes: falling back to a synchronous message for:" "https://www.linkedin.com"
console.warn: LoginRecipes: "getRecipes: falling back to a synchronous message for:" "https://www.linkedin.com"
[Parent 1784, IPC I/O Parent] WARNING: file /builds/worker/checkouts/gecko/ipc/chromium/src/base/process_util_win.cc:167
1612235147262	Marionette	INFO	Stopped listening on port 52214

###!!! [Child][RunMessage] Error: Channel closing: too late to send/recv, messages will be lost


###!!! [Child][RunMessage] Error: Channel closing: too late to send/recv, messages will be lost

1612235184738	geckodriver	INFO	Listening on 127.0.0.1:52427
1612235187887	mozrunner::runner	INFO	Running command: "C:\\Program Files\\Firefox Developer Edition\\firefox.exe" "--marionette" "-foreground" "-no-remote" "-profile" "C:\\Users\\LadyDeveloper\\AppData\\Local\\Temp\\rust_mozprofileNLGyzR"
console.warn: SearchSettings: "get: No settings file exists, new profile?" (new Error("", "(unknown module)"))
1612235195737	Marionette	INFO	Listening on port 52436
1612235196238	Marionette	WARN	TLS certificate errors will be ignored for this session
JavaScript error: https://static-exp1.licdn.com/sc/p/com.linkedin.jobs-guest-frontend%3Ajobs-guest-frontend-static-content%2B1.1.1000/f/%2Fjobs-guest-frontend%2Fdist%2FguestHouseJobsSearch.js, line 1: TypeError: can't access property "then", e.tracking is undefined
JavaScript error: , line 0: NotFoundError: No such JSWindowActor 'MarionetteEvents'
JavaScript error: , line 0: NotFoundError: No such JSWindowActor 'MarionetteEvents'
JavaScript error: resource://gre/modules/CrashManager.jsm, line 831: NotAllowedError: Shutting down and refusing additional I/O tasks
1612235249420	Marionette	INFO	Stopped listening on port 52436

###!!! [Child][RunMessage] Error: Channel closing: too late to send/recv, messages will be lost


###!!! [Child][RunMessage] Error: Channel closing: too late to send/recv, messages will be lost

1612235250687	geckodriver	INFO	Listening on 127.0.0.1:52523
1612235253749	mozrunner::runner	INFO	Running command: "C:\\Program Files\\Firefox Developer Edition\\firefox.exe" "--marionette" "-foreground" "-no-remote" "-profile" "C:\\Users\\LadyDeveloper\\AppData\\Local\\Temp\\rust_mozprofilekF7jJ4"
console.warn: SearchSettings: "get: No settings file exists, new profile?" (new Error("", "(unknown module)"))
1612235258078	Marionette	INFO	Listening on port 52531
1612235258561	Marionette	WARN	TLS certificate errors will be ignored for this session
JavaScript error: https://static-exp1.licdn.com/sc/p/com.linkedin.jobs-guest-frontend%3Ajobs-guest-frontend-static-content%2B1.1.1000/f/%2Fjobs-guest-frontend%2Fdist%2FguestHouseJobsSearch.js, line 1: TypeError: can't access property "then", e.tracking is undefined
JavaScript error: resource://gre/modules/psm/RemoteSecuritySettings.jsm, line 789: NS_ERROR_ILLEGAL_VALUE: Component returned failure code: 0x80070057 (NS_ERROR_ILLEGAL_VALUE) [nsIXPCComponents_Utils.reportError]
JavaScript error: , line 0: NS_ERROR_NOT_AVAILABLE
[Parent 9040, IPC I/O Parent] WARNING: file /builds/worker/checkouts/gecko/ipc/chromium/src/base/process_util_win.cc:167
[Parent 9040, IPC I/O Parent] WARNING: file /builds/worker/checkouts/gecko/ipc/chromium/src/base/process_util_win.cc:167
[Parent 9040, IPC I/O Parent] WARNING: file /builds/worker/checkouts/gecko/ipc/chromium/src/base/process_util_win.cc:167
1612236137435	Marionette	INFO	Stopped listening on port 52531

###!!! [Child][RunMessage] Error: Channel closing: too late to send/recv, messages will be lost


###!!! [Child][RunMessage] Error: Channel closing: too late to send/recv, messages will be lost

1612237955317	geckodriver	INFO	Listening on 127.0.0.1:52801
1612237958813	mozrunner::runner	INFO	Running command: "C:\\Program Files\\Firefox Developer Edition\\firefox.exe" "--marionette" "-foreground" "-no-remote" "-profile" "C:\\Users\\LadyDeveloper\\AppData\\Local\\Temp\\rust_mozprofileiamJ5S"
console.warn: SearchSettings: "get: No settings file exists, new profile?" (new Error("", "(unknown module)"))
1612237972170	Marionette	INFO	Listening on port 52809
1612237972512	Marionette	WARN	TLS certificate errors will be ignored for this session
JavaScript error: https://static-exp1.licdn.com/sc/p/com.linkedin.jobs-guest-frontend%3Ajobs-guest-frontend-static-content%2B1.1.1000/f/%2Fjobs-guest-frontend%2Fdist%2FguestHouseJobsSearch.js, line 1: TypeError: can't access property "then", e.tracking is undefined
[Parent 6520, IPC I/O Parent] WARNING: file /builds/worker/checkouts/gecko/ipc/chromium/src/base/process_util_win.cc:167
1612238050849	Marionette	INFO	Stopped listening on port 52809

###!!! [Child][RunMessage] Error: Channel closing: too late to send/recv, messages will be lost


###!!! [Child][RunMessage] Error: Channel closing: too late to send/recv, messages will be lost

1612238051943	geckodriver	INFO	Listening on 127.0.0.1:52913
1612238054987	mozrunner::runner	INFO	Running command: "C:\\Program Files\\Firefox Developer Edition\\firefox.exe" "--marionette" "-foreground" "-no-remote" "-profile" "C:\\Users\\LadyDeveloper\\AppData\\Local\\Temp\\rust_mozprofileqRw6er"
console.warn: SearchSettings: "get: No settings file exists, new profile?" (new Error("", "(unknown module)"))
1612238060874	Marionette	INFO	Listening on port 52921
1612238061324	Marionette	WARN	TLS certificate errors will be ignored for this session
JavaScript error: https://static-exp1.licdn.com/sc/p/com.linkedin.jobs-guest-frontend%3Ajobs-guest-frontend-static-content%2B1.1.1000/f/%2Fjobs-guest-frontend%2Fdist%2FguestHouseJobsSearch.js, line 1: TypeError: can't access property "then", e.tracking is undefined
JavaScript error: resource://activity-stream/lib/ASRouter.jsm, line 987: NS_ERROR_ILLEGAL_VALUE: Component returned failure code: 0x80070057 (NS_ERROR_ILLEGAL_VALUE) [nsIObserverService.removeObserver]
[Parent 17856, IPC I/O Parent] WARNING: file /builds/worker/checkouts/gecko/ipc/chromium/src/base/process_util_win.cc:167
1612238185302	Marionette	INFO	Stopped listening on port 52921

###!!! [Child][RunMessage] Error: Channel closing: too late to send/recv, messages will be lost

1612238185720	geckodriver	INFO	Listening on 127.0.0.1:53028
1612238188772	mozrunner::runner	INFO	Running command: "C:\\Program Files\\Firefox Developer Edition\\firefox.exe" "--marionette" "-foreground" "-no-remote" "-profile" "C:\\Users\\LadyDeveloper\\AppData\\Local\\Temp\\rust_mozprofileglVsrr"
console.warn: SearchSettings: "get: No settings file exists, new profile?" (new Error("", "(unknown module)"))
1612238198182	Marionette	INFO	Listening on port 53037
1612238198446	Marionette	WARN	TLS certificate errors will be ignored for this session
JavaScript error: https://static-exp1.licdn.com/sc/p/com.linkedin.jobs-guest-frontend%3Ajobs-guest-frontend-static-content%2B1.1.1000/f/%2Fjobs-guest-frontend%2Fdist%2FguestHouseJobsSearch.js, line 1: TypeError: can't access property "then", e.tracking is undefined
console.warn: LoginRecipes: "getRecipes: falling back to a synchronous message for:" "https://www.linkedin.com"
JavaScript error: resource://activity-stream/lib/ASRouter.jsm, line 987: NS_ERROR_ILLEGAL_VALUE: Component returned failure code: 0x80070057 (NS_ERROR_ILLEGAL_VALUE) [nsIObserverService.removeObserver]
[Parent 1556, IPC I/O Parent] WARNING: file /builds/worker/checkouts/gecko/ipc/chromium/src/base/process_util_win.cc:167
1612238283893	Marionette	INFO	Stopped listening on port 53037

###!!! [Child][RunMessage] Error: Channel closing: too late to send/recv, messages will be lost

1612238285634	geckodriver	INFO	Listening on 127.0.0.1:53150
1612238288796	mozrunner::runner	INFO	Running command: "C:\\Program Files\\Firefox Developer Edition\\firefox.exe" "--marionette" "-foreground" "-no-remote" "-profile" "C:\\Users\\LadyDeveloper\\AppData\\Local\\Temp\\rust_mozprofilev5Wrco"
console.warn: SearchSettings: "get: No settings file exists, new profile?" (new Error("", "(unknown module)"))
1612238297873	Marionette	INFO	Listening on port 53158
1612238298238	Marionette	WARN	TLS certificate errors will be ignored for this session
JavaScript error: https://static-exp1.licdn.com/sc/p/com.linkedin.jobs-guest-frontend%3Ajobs-guest-frontend-static-content%2B1.1.1000/f/%2Fjobs-guest-frontend%2Fdist%2FguestHouseJobsSearch.js, line 1: TypeError: can't access property "then", e.tracking is undefined
console.warn: LoginRecipes: "getRecipes: falling back to a synchronous message for:" "https://www.linkedin.com"
JavaScript error: resource://activity-stream/lib/ASRouter.jsm, line 987: NS_ERROR_ILLEGAL_VALUE: Component returned failure code: 0x80070057 (NS_ERROR_ILLEGAL_VALUE) [nsIObserverService.removeObserver]
1612238381934	Marionette	INFO	Stopped listening on port 53151612238383479	mozrunner::runner	INFO	Running command: "C:\\Program Files\\Firefox Developer Edition\\firefox.exe" "--marionette" "-foreground" "-no-remote" "-profile" "C:\\Users\\LadyDeveloper\\AppData\\Local\\Temp\\rust_mozprofilegd1ueY"
console.warn: SearchSettings: "get: No settings file exists, new profile?" (new Error("", "(unknown module)"))
1612238393153	Marionette	INFO	Listening on port 53273
1612238393433	Marionette	WARN	TLS certificate errors will be ignored for this session
JavaScript error: https://static-exp1.licdn.com/sc/p/com.linkedin.jobs-guest-frontend%3Ajobs-guest-frontend-static-content%2B1.1.1000/f/%2Fjobs-guest-frontend%2Fdist%2FguestHouseJobsSearch.js, line 1: TypeError: can't access property "then", e.tracking is undefined
JavaScript error: resource://activity-stream/lib/ASRouter.jsm, line 987: NS_ERROR_ILLEGAL_VALUE: Component returned failure code: 0x80070057 (NS_ERROR_ILLEGAL_VALUE) [nsIObserverService.removeObserver]
[Parent 11212, IPC I/O Parent] WARNING: file /builds/worker/checkouts/gecko/ipc/chromium/src/base/process_util_win.cc:167
1612238430766	Marionette	INFO	Stopped listening on port 53271612238433109	mozrunner::runner	INFO	Running command: "C:\\Program Files\\Firefox Developer Edition\\firefox.exe" "--marionette" "-foreground" "-no-remote" "-profile" "C:\\Users\\LadyDeveloper\\AppData\\Local\\Temp\\rust_mozprofileuGx01z"
console.warn: SearchSettings: "get: No settings file exists, new profile?" (new Error("", "(unknown module)"))
1612238437506	Marionette	INFO	Listening on port 53366
1612238437875	Marionette	WARN	TLS certificate errors will be ignored for this session
JavaScript error: https://static-exp1.licdn.com/sc/p/com.linkedin.jobs-guest-frontend%3Ajobs-guest-frontend-static-content%2B1.1.1000/f/%2Fjobs-guest-frontend%2Fdist%2FguestHouseJobsSearch.js, line 1: TypeError: can't access property "then", e.tracking is undefined
JavaScript warning: https://static-exp1.licdn.com/sc/h/58w52ucifgg63fs97x84xv2li, line 4494: unreachable code after return statement
JavaScript warning: https://static-exp1.licdn.com/sc/h/58w52ucifgg63fs97x84xv2li, line 4494: unreachable code after return statement
JavaScript warning: https://static-exp1.licdn.com/sc/h/58w52ucifgg63fs97x84xv2li, line 4494: unreachable code after return statement
[Parent 18416, IPC I/O Parent] WARNING: file /builds/worker/checkouts/gecko/ipc/chromium/src/base/process_util_win.cc:167
1612238608593	Marionette	INFO	Stopped listening on port 53366

###!!! [Child][RunMessage] Error: Channel closing: too late to send/recv, messages will be lost


###!!! [Child][RunMessage] Error: Channel closing: too late to send/recv, messages will be lost

1612238610154	geckodriver	INFO	Listening on 127.0.0.1:53543
1612238613207	mozrunner::runner	INFO	Running command: "C:\\Program Files\\Firefox Developer Edition\\firefox.exe" "--marionette" "-foreground" "-no-remote" "-profile" "C:\\Users\\LadyDeveloper\\AppData\\Local\\Temp\\rust_mozprofileC8QMLI"
console.warn: SearchSettings: "get: No settings file exists, new profile?" (new Error("", "(unknown module)"))
1612238618244	Marionette	INFO	Listening on port 53553
1612238618465	Marionette	WARN	TLS certificate errors will be ignored for this session
JavaScript error: https://static-exp1.licdn.com/sc/p/com.linkedin.jobs-guest-frontend%3Ajobs-guest-frontend-static-content%2B1.1.1000/f/%2Fjobs-guest-frontend%2Fdist%2FguestHouseJobsSearch.js, line 1: TypeError: can't access property "then", e.tracking is undefined
JavaScript warning: https://static-exp1.licdn.com/sc/h/58w52ucifgg63fs97x84xv2li, line 4494: unreachable code after return statement
JavaScript warning: https://static-exp1.licdn.com/sc/h/58w52ucifgg63fs97x84xv2li, line 4494: unreachable code after return statement
JavaScript error: resource://activity-stream/lib/ASRouter.jsm, line 987: NS_ERROR_ILLEGAL_VALUE: Component returned failure code: 0x80070057 (NS_ERROR_ILLEGAL_VALUE) [nsIObserverService.removeObserver]
*** UTM:SVC TimerManager:registerTimer called after profile-before-change notification. Ignoring timer registration for id: telemetry_modules_ping
*** UTM:SVC TimerManager:registerTimer called after profile-before-change notification. Ignoring timer registration for id: telemetry_untrustedmodules_ping
1612238675825	Marionette	INFO	Stopped listening on port 53553

###!!! [Child][RunMessage] Error: Channel closing: too late to send/recv, messages will be lost

1612238694140	geckodriver	INFO	Listening on 127.0.0.1:53694
1612238697207	mozrunner::runner	INFO	Running command: "C:\\Program Files\\Firefox Developer Edition\\firefox.exe" "--marionette" "-foreground" "-no-remote" "-profile" "C:\\Users\\LadyDeveloper\\AppData\\Local\\Temp\\rust_mozprofileCE1RcP"
console.warn: SearchSettings: "get: No settings file exists, new profile?" (new Error("", "(unknown module)"))
1612238701387	Marionette	INFO	Listening on port 53702
1612238701462	Marionette	WARN	TLS certificate errors will be ignored for this session
JavaScript error: https://static-exp1.licdn.com/sc/p/com.linkedin.jobs-guest-frontend%3Ajobs-guest-frontend-static-content%2B1.1.1000/f/%2Fjobs-guest-frontend%2Fdist%2FguestHouseJobsSearch.js, line 1: TypeError: can't access property "then", e.tracking is undefined
JavaScript warning: https://static-exp1.licdn.com/sc/h/58w52ucifgg63fs97x84xv2li, line 4494: unreachable code after return statement
JavaScript warning: https://static-exp1.licdn.com/sc/h/58w52ucifgg63fs97x84xv2li, line 4494: unreachable code after return statement
JavaScript warning: https://static-exp1.licdn.com/sc/h/58w52ucifgg63fs97x84xv2li, line 4494: unreachable code after return statement
console.error: "Error while calling actor 'pagestyle's method 'getLayout'" "can't access property \"rawNode\", node is null"
console.error: "getLayout@resource://devtools/server/actors/page-style.js:1002:5\nhandler@resource://devtools/shared/protocol/Actor.js:172:37\nonPacket@resource://devtools/server/devtools-server-connection.js:379:58\nreceiveMessage@resource://devtools/shared/transport/child-transport.js:68:16\n"
console.error: (new TypeError("can't access property \"treeChildren\", parent is null", "resource://devtools/client/inspector/shared/style-change-tracker.js", 67))
TypeError: can't access property "treeChildren", parent is null: canMutationImpactCurrentStyles@resource://devtools/client/inspector/shared/style-change-tracker.js:67:24
onMutations@resource://devtools/client/inspector/shared/style-change-tracker.js:84:41
_emit@resource://devtools/shared/event-emitter.js:226:34
emit@resource://devtools/shared/event-emitter.js:172:18
emit@resource://devtools/shared/event-emitter.js:324:18
getMutations@resource://devtools/client/fronts/walker.js:358:10

console.error: (new TypeError("can't access property \"on\", nodeFront.walkerFront is null", "resource://devtools/client/inspector/markup/markup.js", 952))
TypeError: can't access property "on", nodeFront.walkerFront is null: _onNewSelection@resource://devtools/client/inspector/markup/markup.js:952:7
_emit@resource://devtools/shared/event-emitter.js:226:34
emit@resource://devtools/shared/event-emitter.js:172:18
emit@resource://devtools/shared/event-emitter.js:324:18
setNodeFront@resource://devtools/client/framework/selection.js:161:10
onDetached@resource://devtools/client/inspector/inspector.js:1637:20
_emit@resource://devtools/shared/event-emitter.js:226:34
emit@resource://devtools/shared/event-emitter.js:172:18
emit@resource://devtools/shared/event-emitter.js:324:18
_onMutations@resource://devtools/client/framework/selection.js:104:12
_emit@resource://devtools/shared/event-emitter.js:226:34
emit@resource://devtools/shared/event-emitter.js:172:18
emit@resource://devtools/shared/event-emitter.js:324:18
getMutations@resource://devtools/client/fronts/walker.js:358:10

console.error: (new Error("Can not send request 'getAllSelectors' because front 'domnode' is already destroyed.", "resource://devtools/shared/protocol/Front/FrontClassWithSpec.js", 28))
Error: Can not send request 'getAllSelectors' because front 'domnode' is already destroyed.: generateRequestMethods/</frontProto[name]@resource://devtools/shared/protocol/Front/FrontClassWithSpec.js:28:15
updateSelectionCssSelectors@resource://devtools/client/inspector/inspector.js:1451:32
onNewSelection@resource://devtools/client/inspector/inspector.js:1522:10
_emit@resource://devtools/shared/event-emitter.js:226:34
emit@resource://devtools/shared/event-emitter.js:172:18
emit@resource://devtools/shared/event-emitter.js:324:18
setNodeFront@resource://devtools/client/framework/selection.js:161:10
onDetached@resource://devtools/client/inspector/inspector.js:1637:20
_emit@resource://devtools/shared/event-emitter.js:226:34
emit@resource://devtools/shared/event-emitter.js:172:18
emit@resource://devtools/shared/event-emitter.js:324:18
_onMutations@resource://devtools/client/framework/selection.js:104:12
_emit@resource://devtools/shared/event-emitter.js:226:34
emit@resource://devtools/shared/event-emitter.js:172:18
emit@resource://devtools/shared/event-emitter.js:324:18
getMutations@resource://devtools/client/fronts/walker.js:358:10

console.error: (new TypeError("can't access property \"getFront\", container.node.targetFront is null", "resource://devtools/client/inspector/markup/markup.js", 2305))
console.error: (new TypeError("can't access property \"getFront\", container.node.targetFront is null", "resource://devtools/client/inspector/markup/markup.js", 2305))
console.error: (new TypeError("can't access property \"getFront\", container.node.targetFront is null", "resource://devtools/client/inspector/markup/markup.js", 2305))
console.error: (new Error("Protocol error (TypeError): can't access property \"rawNode\", node is null from: server0.conn0.child3/pagestyle28 (resource://devtools/server/actors/page-style.js:1002:5)", "resource://devtools/shared/protocol/Front.js", 361))
console.error: (new TypeError("can't access property \"treeChildren\", parent is null", "resource://devtools/client/inspector/shared/style-change-tracker.js", 67))
TypeError: can't access property "treeChildren", parent is null: canMutationImpactCurrentStyles@resource://devtools/client/inspector/shared/style-change-tracker.js:67:24
onMutations@resource://devtools/client/inspector/shared/style-change-tracker.js:84:41
_emit@resource://devtools/shared/event-emitter.js:226:34
emit@resource://devtools/shared/event-emitter.js:172:18
emit@resource://devtools/shared/event-emitter.js:324:18
getMutations@resource://devtools/client/fronts/walker.js:358:10


###!!! [Child][RunMessage] Error: Channel closing: too late to send/recv, messages will be lost


###!!! [Child][RunMessage] Error: Channel closing: too late to send/recv, messages will be lost

[Parent 8884, IPC I/O Parent] WARNING: file /builds/worker/checkouts/gecko/ipc/chromium/src/base/process_util_win.cc:167
1612238819606	Marionette	INFO	Stopped listening on port 53702

###!!! [Child][RunMessage] Error: Channel closing: too late to send/recv, messages will be lost

1612238820892	geckodriver	INFO	Listening on 127.0.0.1:53861
1612238823955	mozrunner::runner	INFO	Running command: "C:\\Program Files\\Firefox Developer Edition\\firefox.exe" "--marionette" "-foreground" "-no-remote" "-profile" "C:\\Users\\LadyDeveloper\\AppData\\Local\\Temp\\rust_mozprofileI95MrL"
console.warn: SearchSettings: "get: No settings file exists, new profile?" (new Error("", "(unknown module)"))
1612238830474	Marionette	INFO	Listening on port 53870
1612238830798	Marionette	WARN	TLS certificate errors will be ignored for this session
JavaScript error: https://static-exp1.licdn.com/sc/p/com.linkedin.jobs-guest-frontend%3Ajobs-guest-frontend-static-content%2B1.1.1000/f/%2Fjobs-guest-frontend%2Fdist%2FguestHouseJobsSearch.js, line 1: TypeError: can't access property "then", e.tracking is undefined
JavaScript warning: https://static-exp1.licdn.com/sc/h/58w52ucifgg63fs97x84xv2li, line 4494: unreachable code after return statement
JavaScript warning: https://static-exp1.licdn.com/sc/h/58w52ucifgg63fs97x84xv2li, line 4494: unreachable code after return statement
1612238844268	Marionette	WARN	TimedPromise timed out after 500 ms: stacktrace:
TimedPromise/<@chrome://marionette/content/sync.js:231:19
TimedPromise@chrome://marionette/content/sync.js:216:10
interaction.flushEventLoop@chrome://marionette/content/interaction.js:433:10
webdriverClickElement@chrome://marionette/content/interaction.js:179:31
JavaScript warning: https://static-exp1.licdn.com/sc/h/58w52ucifgg63fs97x84xv2li, line 4494: unreachable code after return statement
console.error: (new TypeError("can't access property \"treeChildren\", parent is null", "resource://devtools/client/inspector/shared/style-change-tracker.js", 67))
TypeError: can't access property "treeChildren", parent is null: canMutationImpactCurrentStyles@resource://devtools/client/inspector/shared/style-change-tracker.js:67:24
onMutations@resource://devtools/client/inspector/shared/style-change-tracker.js:84:41
_emit@resource://devtools/shared/event-emitter.js:226:34
emit@resource://devtools/shared/event-emitter.js:172:18
emit@resource://devtools/shared/event-emitter.js:324:18
getMutations@resource://devtools/client/fronts/walker.js:358:10

console.error: "Error while calling actor 'pagestyle's method 'getLayout'" "can't access property \"rawNode\", node is null"
console.error: "getLayout@resource://devtools/server/actors/page-style.js:1002:5\nhandler@resource://devtools/shared/protocol/Actor.js:172:37\nonPacket@resource://devtools/server/devtools-server-connection.js:379:58\nreceiveMessage@resource://devtools/shared/transport/child-transport.js:68:16\n"
console.error: (new Error("Protocol error (TypeError): can't access property \"rawNode\", node is null from: server0.conn0.child3/pagestyle28 (resource://devtools/server/actors/page-style.js:1002:5)", "resource://devtools/shared/protocol/Front.js", 361))
console.error: (new TypeError("can't access property \"treeChildren\", parent is null", "resource://devtools/client/inspector/shared/style-change-tracker.js", 67))
TypeError: can't access property "treeChildren", parent is null: canMutationImpactCurrentStyles@resource://devtools/client/inspector/shared/style-change-tracker.js:67:24
onMutations@resource://devtools/client/inspector/shared/style-change-tracker.js:84:41
_emit@resource://devtools/shared/event-emitter.js:226:34
emit@resource://devtools/shared/event-emitter.js:172:18
emit@resource://devtools/shared/event-emitter.js:324:18
getMutations@resource://devtools/client/fronts/walker.js:358:10

console.error: (new TypeError("can't access property \"treeChildren\", parent is null", "resource://devtools/client/inspector/shared/style-change-tracker.js", 67))
TypeError: can't access property "treeChildren", parent is null: canMutationImpactCurrentStyles@resource://devtools/client/inspector/shared/style-change-tracker.js:67:24
onMutations@resource://devtools/client/inspector/shared/style-change-tracker.js:84:41
_emit@resource://devtools/shared/event-emitter.js:226:34
emit@resource://devtools/shared/event-emitter.js:172:18
emit@resource://devtools/shared/event-emitter.js:324:18
getMutations@resource://devtools/client/fronts/walker.js:358:10

console.error: (new TypeError("can't access property \"on\", nodeFront.walkerFront is null", "resource://devtools/client/inspector/markup/markup.js", 952))
TypeError: can't access property "on", nodeFront.walkerFront is null: _onNewSelection@resource://devtools/client/inspector/markup/markup.js:952:7
_emit@resource://devtools/shared/event-emitter.js:226:34
emit@resource://devtools/shared/event-emitter.js:172:18
emit@resource://devtools/shared/event-emitter.js:324:18
setNodeFront@resource://devtools/client/framework/selection.js:161:10
onDetached@resource://devtools/client/inspector/inspector.js:1637:20
_emit@resource://devtools/shared/event-emitter.js:226:34
emit@resource://devtools/shared/event-emitter.js:172:18
emit@resource://devtools/shared/event-emitter.js:324:18
_onMutations@resource://devtools/client/framework/selection.js:104:12
_emit@resource://devtools/shared/event-emitter.js:226:34
emit@resource://devtools/shared/event-emitter.js:172:18
emit@resource://devtools/shared/event-emitter.js:324:18
getMutations@resource://devtools/client/fronts/walker.js:358:10

console.error: (new Error("Can not send request 'getAllSelectors' because front 'domnode' is already destroyed.", "resource://devtools/shared/protocol/Front/FrontClassWithSpec.js", 28))
Error: Can not send request 'getAllSelectors' because front 'domnode' is already destroyed.: generateRequestMethods/</frontProto[name]@resource://devtools/shared/protocol/Front/FrontClassWithSpec.js:28:15
updateSelectionCssSelectors@resource://devtools/client/inspector/inspector.js:1451:32
onNewSelection@resource://devtools/client/inspector/inspector.js:1522:10
_emit@resource://devtools/shared/event-emitter.js:226:34
emit@resource://devtools/shared/event-emitter.js:172:18
emit@resource://devtools/shared/event-emitter.js:324:18
setNodeFront@resource://devtools/client/framework/selection.js:161:10
onDetached@resource://devtools/client/inspector/inspector.js:1637:20
_emit@resource://devtools/shared/event-emitter.js:226:34
emit@resource://devtools/shared/event-emitter.js:172:18
emit@resource://devtools/shared/event-emitter.js:324:18
_onMutations@resource://devtools/client/framework/selection.js:104:12
_emit@resource://devtools/shared/event-emitter.js:226:34
emit@resource://devtools/shared/event-emitter.js:172:18
emit@resource://devtools/shared/event-emitter.js:324:18
getMutations@resource://devtools/client/fronts/walker.js:358:10

console.error: (new TypeError("can't access property \"getFront\", container.node.targetFront is null", "resource://devtools/client/inspector/markup/markup.js", 2305))
console.error: (new TypeError("can't access property \"getFront\", container.node.targetFront is null", "resource://devtools/client/inspector/markup/markup.js", 2305))
console.error: (new TypeError("can't access property \"getFront\", container.node.targetFront is null", "resource://devtools/client/inspector/markup/markup.js", 2305))
[Parent 5288, IPC I/O Parent] WARNING: file /builds/worker/checkouts/gecko/ipc/chromium/src/base/process_util_win.cc:167
1612239034540	Marionette	INFO	Stopped listening on port 53870

###!!! [Child][RunMessage] Error: Channel closing: too late to send/recv, messages will be lost


###!!! [Child][RunMessage] Error: Channel closing: too late to send/recv, messages will be lost

1612239035861	geckodriver	INFO	Listening on 127.0.0.1:54048
1612239038902	mozrunner::runner	INFO	Running command: "C:\\Program Files\\Firefox Developer Edition\\firefox.exe" "--marionette" "-foreground" "-no-remote" "-profile" "C:\\Users\\LadyDeveloper\\AppData\\Local\\Temp\\rust_mozprofile9Xw1Ub"
console.warn: SearchSettings: "get: No settings file exists, new profile?" (new Error("", "(unknown module)"))
1612239043861	Marionette	INFO	Listening on port 54056
1612239044147	Marionette	WARN	TLS certificate errors will be ignored for this session
JavaScript error: https://static-exp1.licdn.com/sc/p/com.linkedin.jobs-guest-frontend%3Ajobs-guest-frontend-static-content%2B1.1.1000/f/%2Fjobs-guest-frontend%2Fdist%2FguestHouseJobsSearch.js, line 1: TypeError: can't access property "then", e.tracking is undefined
JavaScript warning: https://static-exp1.licdn.com/sc/h/58w52ucifgg63fs97x84xv2li, line 4494: unreachable code after return statement
JavaScript warning: https://static-exp1.licdn.com/sc/h/58w52ucifgg63fs97x84xv2li, line 4494: unreachable code after return statement
JavaScript warning: https://static-exp1.licdn.com/sc/h/58w52ucifgg63fs97x84xv2li, line 4494: unreachable code after return statement
JavaScript error: resource://activity-stream/lib/ASRouter.jsm, line 987: NS_ERROR_ILLEGAL_VALUE: Component returned failure code: 0x80070057 (NS_ERROR_ILLEGAL_VALUE) [nsIObserverService.removeObserver]
1612239120219	Marionette	INFO	Stopped listening on port 54056

###!!! [Child][RunMessage] Error: Channel closing: too late to send/recv, messages will be lost


###!!! [Child][RunMessage] Error: Channel closing: too late to send/recv, messages will be lost

1612239120772	geckodriver	INFO	Listening on 127.0.0.1:54190
1612239123819	mozrunner::runner	INFO	Running command: "C:\\Program Files\\Firefox Developer Edition\\firefox.exe" "--marionette" "-foreground" "-no-remote" "-profile" "C:\\Users\\LadyDeveloper\\AppData\\Local\\Temp\\rust_mozprofileV3Me93"
console.warn: SearchSettings: "get: No settings file exists, new profile?" (new Error("", "(unknown module)"))
1612239128252	Marionette	INFO	Listening on port 54198
1612239128565	Marionette	WARN	TLS certificate errors will be ignored for this session
JavaScript error: https://static-exp1.licdn.com/sc/p/com.linkedin.jobs-guest-frontend%3Ajobs-guest-frontend-static-content%2B1.1.1000/f/%2Fjobs-guest-frontend%2Fdist%2FguestHouseJobsSearch.js, line 1: TypeError: can't access property "then", e.tracking is undefined
JavaScript warning: https://static-exp1.licdn.com/sc/h/58w52ucifgg63fs97x84xv2li, line 4494: unreachable code after return statement
JavaScript warning: https://static-exp1.licdn.com/sc/h/58w52ucifgg63fs97x84xv2li, line 4494: unreachable code after return statement
JavaScript error: resource://activity-stream/lib/ASRouter.jsm, line 987: NS_ERROR_ILLEGAL_VALUE: Component returned failure code: 0x80070057 (NS_ERROR_ILLEGAL_VALUE) [nsIObserverService.removeObserver]
1612239167910	Marionette	INFO	Stopped listening on port 54198

###!!! [Child][RunMessage] Error: Channel closing: too late to send/recv, messages will be lost

1612239170282	geckodriver	INFO	Listening on 127.0.0.1:54329
1612239173344	mozrunner::runner	INFO	Running command: "C:\\Program Files\\Firefox Developer Edition\\firefox.exe" "--marionette" "-foreground" "-no-remote" "-profile" "C:\\Users\\LadyDeveloper\\AppData\\Local\\Temp\\rust_mozprofilewPMJTP"
console.warn: SearchSettings: "get: No settings file exists, new profile?" (new Error("", "(unknown module)"))
1612239177203	Marionette	INFO	Listening on port 54337
1612239177487	Marionette	WARN	TLS certificate errors will be ignored for this session
JavaScript error: https://static-exp1.licdn.com/sc/p/com.linkedin.jobs-guest-frontend%3Ajobs-guest-frontend-static-content%2B1.1.1000/f/%2Fjobs-guest-frontend%2Fdist%2FguestHouseJobsSearch.js, line 1: TypeError: can't access property "then", e.tracking is undefined
JavaScript warning: https://static-exp1.licdn.com/sc/h/58w52ucifgg63fs97x84xv2li, line 4494: unreachable code after return statement
JavaScript warning: https://static-exp1.licdn.com/sc/h/58w52ucifgg63fs97x84xv2li, line 4494: unreachable code after return statement
1612239192280	Marionette	INFO	Stopped listening on port 54337

###!!! [Child][MessageChannel] Error: (msgtype=0x3A0146,name=PContent::Msg_ScriptError) Channel closing: too late to send/recv, messages will be lost


###!!! [Child][RunMessage] Error: Channel closing: too late to send/recv, messages will be lost


###!!! [Child][RunMessage] Error: Channel closing: too late to send/recv, messages will be lost


###!!! [Child][RunMessage] Error: Channel closing: too late to send/recv, messages will be lost


###!!! [Child][RunMessage] Error: Channel closing: too late to send/recv, messages will be lost


###!!! [Child][RunMessage] Error: Channel closing: too late to send/recv, messages will be lost


###!!! [Child][RunMessage] Error: Channel closing: too late to send/recv, messages will be lost


###!!! [Child][RunMessage] Error: Channel closing: too late to send/recv, messages will be lost


###!!! [Child][MessageChannel] Error: (msgtype=0x230033,name=PBrowser::Msg___delete__) Channel closing: too late to send/recv, messages will be lost


###!!! [Child][RunMessage] Error: Channel closing: too late to send/recv, messages will be lost

