1613955221345	geckodriver	INFO	Listening on 127.0.0.1:55194
1613955224362	mozrunner::runner	INFO	Running command: "C:\\Program Files\\Firefox Developer Edition\\firefox.exe" "--marionette" "-foreground" "-no-remote" "-profile" "C:\\Users\\LadyDeveloper\\AppData\\Local\\Temp\\rust_mozprofileXUzAz4"
console.warn: SearchSettings: "get: No settings file exists, new profile?" (new Error("", "(unknown module)"))
1613955230620	Marionette	INFO	Listening on port 55202
1613955230722	Marionette	WARN	TLS certificate errors will be ignored for this session
JavaScript error: , line 0: NS_ERROR_NOT_AVAILABLE
1613956372837	Marionette	INFO	Stopped listening on port 55202

###!!! [Child][RunMessage] Error: Channel closing: too late to send/recv, messages will be lost

"-profile" "C:\\Users\\LadyDeveloper\\AppData\\Local\\Temp\\rust_mozprofileQzERt2"
console.warn: SearchSettings: "get: No settings file exists, new profile?" (new Error("", "(unknown module)"))
1613955295053	Marionette	INFO	Listening on port 55272
1613955295414	Marionette	WARN	TLS certificate errors will be ignored for this session
JavaScript error: , line 0: NS_ERROR_NOT_AVAILABLE
console.warn: LoginRecipes: "getRecipes: falling back to a synchronous message for:" "https://www.instagram.com"
console.warn: LoginRecipes: "getRecipes: falling back to a synchronous message for:" "https://www.instagram.com"
[Parent 17976, IPC I/O Parent] WARNING: file /builds/worker/checkouts/gecko/ipc/chromium/src/base/process_util_win.cc:167
1613956679151	Marionette	INFO	Stopped listening on port 55272

###!!! [Child][RunMessage] Error: Channel closing: too late to send/recv, messages will be lost

1613956682804	geckodriver	INFO	Listening on 127.0.0.1:55447
1613956685826	mozrunner::runner	INFO	Running command: "C:\\Program Files\\Firefox Developer Edition\\firefox.exe" "--marionette" "-foreground" "-no-remote" "-profile" "C:\\Users\\LadyDeveloper\\AppData\\Local\\Temp\\rust_mozprofileqbbDYV"
console.warn: SearchSettings: "get: No settings file exists, new profile?" (new Error("", "(unknown module)"))
1613956695895	Marionette	INFO	Listening on port 55458
1613956696281	Marionette	WARN	TLS certificate errors will be ignored for this session
[Parent 18284, IPC I/O Parent] WARNING: file /builds/worker/checkouts/gecko/ipc/chromium/src/base/process_util_win.cc:167
1613956738691	Marionette	INFO	Stopped listening on port 55458

###!!! [Child][RunMessage] Error: Channel closing: too late to send/recv, messages will be lost

1613956755931	geckodriver	INFO	Listening on 127.0.0.1:55526
1613956758981	mozrunner::runner	INFO	Running command: "C:\\Program Files\\Firefox Developer Edition\\firefox.exe" "--marionette" "-foreground" "-no-remote" "-profile" "C:\\Users\\LadyDeveloper\\AppData\\Local\\Temp\\rust_mozprofile5sR6n4"
console.warn: SearchSettings: "get: No settings file exists, new profile?" (new Error("", "(unknown module)"))
1613956763592	Marionette	INFO	Listening on port 55535
1613956763728	Marionette	WARN	TLS certificate errors will be ignored for this session
console.warn: LoginRecipes: "getRecipes: falling back to a synchronous message for:" "https://www.instagram.com"
SourceActor threw an exception: [Exception... "Component returned failure code: 0x80470002 (NS_BASE_STREAM_CLOSED) [nsIInputStream.available]"  nsresult: "0x80470002 (NS_BASE_STREAM_CLOSED)"  location: "JS frame :: resource://devtools/shared/DevToolsUtils.js :: onResponse :: line 567"  data: no]
Stack: onResponse@resource://devtools/shared/DevToolsUtils.js:567:34
onStopRequest@resource://gre/modules/NetUtil.jsm:128:18
Line: 567, column: 0
console.error: ({})
JavaScript error: resource://devtools/shared/DevToolsUtils.js, line 567: NS_BASE_STREAM_CLOSED: Component returned failure code: 0x80470002 (NS_BASE_STREAM_CLOSED) [nsIInputStream.available]
JavaScript error: https://www.instagram.com/static/bundles/es6/Consumer.js/a8f33a82df43.js, line 872: TypeError: this.props is undefined
JavaScript error: resource://activity-stream/lib/ASRouter.jsm, line 988: NS_ERROR_ILLEGAL_VALUE: Component returned failure code: 0x80070057 (NS_ERROR_ILLEGAL_VALUE) [nsIObserverService.removeObserver]
1613956954329	Marionette	INFO	Stopped listening on port 55535

###!!! [Child][RunMessage] Error: Channel closing: too late to send/recv, messages will be lost

1613956956476	geckodriver	INFO	Listening on 127.0.0.1:55648
1613956959585	mozrunner::runner	INFO	Running command: "C:\\Program Files\\Firefox Developer Edition\\firefox.exe" "--marionette" "-foreground" "-no-remote" "-profile" "C:\\Users\\LadyDeveloper\\AppData\\Local\\Temp\\rust_mozprofileyFWMyt"
console.warn: SearchSettings: "get: No settings file exists, new profile?" (new Error("", "(unknown module)"))
1613956964011	Marionette	INFO	Listening on port 55657
1613956964337	Marionette	WARN	TLS certificate errors will be ignored for this session
1613956982146	Marionette	INFO	Stopped listening on port 55657
JavaScript error: chrome://global/content/elements/browser-custom-element.js, line 1681: NotFoundError: No such JSWindowActor 'MarionetteEvents'

###!!! [Child][RunMessage] Error: Channel closing: too late to send/recv, messages will be lost

1613956990142	geckodriver	INFO	Listening on 127.0.0.1:55746
1613956993164	mozrunner::runner	INFO	Running command: "C:\\Program Files\\Firefox Developer Edition\\firefox.exe" "--marionette" "-foreground" "-no-remote" "-profile" "C:\\Users\\LadyDeveloper\\AppData\\Local\\Temp\\rust_mozprofileKMjO5K"
console.warn: SearchSettings: "get: No settings file exists, new profile?" (new Error("", "(unknown module)"))
1613956999130	Marionette	INFO	Listening on port 55754
1613956999448	Marionette	WARN	TLS certificate errors will be ignored for this session
JavaScript error: https://www.instagram.com/static/bundles/es6/Consumer.js/a8f33a82df43.js, line 872: TypeError: this.props is undefined
[Parent 9056, IPC I/O Parent] WARNING: file /builds/worker/checkouts/gecko/ipc/chromium/src/base/process_util_win.cc:167
1613957248793	Marionette	INFO	Stopped listening on port 55754

###!!! [Child][RunMessage] Error: Channel closing: too late to send/recv, messages will be lost

1613957251311	geckodriver	INFO	Listening on 127.0.0.1:55902
1613957254340	mozrunner::runner	INFO	Running command: "C:\\Program Files\\Firefox Developer Edition\\firefox.exe" "--marionette" "-foreground" "-no-remote" "-profile" "C:\\Users\\LadyDeveloper\\AppData\\Local\\Temp\\rust_mozprofileFrmAEb"
console.warn: SearchSettings: "get: No settings file exists, new profile?" (new Error("", "(unknown module)"))
1613957259742	Marionette	INFO	Listening on port 55910
1613957260093	Marionette	WARN	TLS certificate errors will be ignored for this session
SourceActor threw an exception: [Exception... "Component returned failure code: 0x80470002 (NS_BASE_STREAM_CLOSED) [nsIInputStream.available]"  nsresult: "0x80470002 (NS_BASE_STREAM_CLOSED)"  location: "JS frame :: resource://devtools/shared/DevToolsUtils.js :: onResponse :: line 567"  data: no]
Stack: onResponse@resource://devtools/shared/DevToolsUtils.js:567:34
onStopRequest@resource://gre/modules/NetUtil.jsm:128:18
Line: 567, column: 0
console.error: ({})
JavaScript error: resource://devtools/shared/DevToolsUtils.js, line 567: NS_BASE_STREAM_CLOSED: Component returned failure code: 0x80470002 (NS_BASE_STREAM_CLOSED) [nsIInputStream.available]
JavaScript error: resource://devtools/client/inspector/shared/walker-event-listener.js, line 65: TypeError: can't convert null to object
console.error: (new TypeError("can't access property \"treeChildren\", parent is null", "resource://devtools/client/inspector/shared/style-change-tracker.js", 67))
TypeError: can't access property "treeChildren", parent is null: canMutationImpactCurrentStyles@resource://devtools/client/inspector/shared/style-change-tracker.js:67:24
onMutations@resource://devtools/client/inspector/shared/style-change-tracker.js:84:41
_emit@resource://devtools/shared/event-emitter.js:226:34
emit@resource://devtools/shared/event-emitter.js:172:18
emit@resource://devtools/shared/event-emitter.js:324:18
getMutations@resource://devtools/client/fronts/walker.js:358:10

console.error: (new TypeError("can't access property \"getFront\", container.node.targetFront is null", "resource://devtools/client/inspector/markup/markup.js", 2305))
console.warn: LoginRecipes: "getRecipes: falling back to a synchronous message for:" "https://www.instagram.com"
console.error: (new TypeError("can't access property \"getFront\", container.node.targetFront is null", "resource://devtools/client/inspector/markup/markup.js", 2305))
console.error: (new TypeError("can't access property \"getFront\", container.node.targetFront is null", "resource://devtools/client/inspector/markup/markup.js", 2305))
1613957462712	Marionette	INFO	Stopped listening on port 55910

###!!! [Child][RunMessage] Error: Channel closing: too late to send/recv, messages will be lost

1613957465930	geckodriver	INFO	Listening on 127.0.0.1:56027
1613957468964	mozrunner::runner	INFO	Running command: "C:\\Program Files\\Firefox Developer Edition\\firefox.exe" "--marionette" "-foreground" "-no-remote" "-profile" "C:\\Users\\LadyDeveloper\\AppData\\Local\\Temp\\rust_mozprofile2EDunc"
console.warn: SearchSettings: "get: No settings file exists, new profile?" (new Error("", "(unknown module)"))
1613957474387	Marionette	INFO	Listening on port 56035
1613957474798	Marionette	WARN	TLS certificate errors will be ignored for this session
SourceActor threw an exception: [Exception... "Component returned failure code: 0x80470002 (NS_BASE_STREAM_CLOSED) [nsIInputStream.available]"  nsresult: "0x80470002 (NS_BASE_STREAM_CLOSED)"  location: "JS frame :: resource://devtools/shared/DevToolsUtils.js :: onResponse :: line 567"  data: no]
Stack: onResponse@resource://devtools/shared/DevToolsUtils.js:567:34
onStopRequest@resource://gre/modules/NetUtil.jsm:128:18
Line: 567, column: 0
console.error: ({})
JavaScript error: resource://devtools/shared/DevToolsUtils.js, line 567: NS_BASE_STREAM_CLOSED: Component returned failure code: 0x80470002 (NS_BASE_STREAM_CLOSED) [nsIInputStream.available]
console.error: (new TypeError("can't access property \"treeChildren\", parent is null", "resource://devtools/client/inspector/shared/style-change-tracker.js", 67))
TypeError: can't access property "treeChildren", parent is null: canMutationImpactCurrentStyles@resource://devtools/client/inspector/shared/style-change-tracker.js:67:24
onMutations@resource://devtools/client/inspector/shared/style-change-tracker.js:84:41
_emit@resource://devtools/shared/event-emitter.js:226:34
emit@resource://devtools/shared/event-emitter.js:172:18
emit@resource://devtools/shared/event-emitter.js:324:18
getMutations@resource://devtools/client/fronts/walker.js:358:10

console.error: (new TypeError("can't access property \"getFront\", container.node.targetFront is null", "resource://devtools/client/inspector/markup/markup.js", 2305))
console.error: (new TypeError("can't access property \"getFront\", container.node.targetFront is null", "resource://devtools/client/inspector/markup/markup.js", 2305))
[Parent 9632, IPC I/O Parent] WARNING: file /builds/worker/checkouts/gecko/ipc/chromium/src/base/process_util_win.cc:167
1613958023946	Marionette	INFO	Stopped listening on port 56035

###!!! [Child][RunMessage] Error: Channel closing: too late to send/recv, messages will be lost

1613958032840	geckodriver	INFO	Listening on 127.0.0.1:56284
1613958036028	mozrunner::runner	INFO	Running command: "C:\\Program Files\\Firefox Developer Edition\\firefox.exe" "--marionette" "-foreground" "-no-remote" "-profile" "C:\\Users\\LadyDeveloper\\AppData\\Local\\Temp\\rust_mozprofileFKDL5U"
console.warn: SearchSettings: "get: No settings file exists, new profile?" (new Error("", "(unknown module)"))
1613958045099	Marionette	INFO	Listening on port 56328
1613958045504	Marionette	WARN	TLS certificate errors will be ignored for this session
[Child 16968, IPC I/O Child] WARNING: pipe error: 232: file /builds/worker/checkouts/gecko/ipc/chromium/src/chrome/common/ipc_channel_win.cc:545
*** UTM:SVC TimerManager:registerTimer called after profile-before-change notification. Ignoring timer registration for id: telemetry_modules_ping
*** UTM:SVC TimerManager:registerTimer called after profile-before-change notification. Ignoring timer registration for id: telemetry_untrustedmodules_ping
1613958099240	Marionette	INFO	Stopped listening on port 56328

###!!! [Child][RunMessage] Error: Channel closing: too late to send/recv, messages will be lost

1613958102632	geckodriver	INFO	Listening on 127.0.0.1:56429
1613958105680	mozrunner::runner	INFO	Running command: "C:\\Program Files\\Firefox Developer Edition\\firefox.exe" "--marionette" "-foreground" "-no-remote" "-profile" "C:\\Users\\LadyDeveloper\\AppData\\Local\\Temp\\rust_mozprofileScOIxL"
console.warn: SearchSettings: "get: No settings file exists, new profile?" (new Error("", "(unknown module)"))
1613958111003	Marionette	INFO	Listening on port 56438
1613958111097	Marionette	WARN	TLS certificate errors will be ignored for this session
SourceActor threw an exception: [Exception... "Component returned failure code: 0x80470002 (NS_BASE_STREAM_CLOSED) [nsIInputStream.available]"  nsresult: "0x80470002 (NS_BASE_STREAM_CLOSED)"  location: "JS frame :: resource://devtools/shared/DevToolsUtils.js :: onResponse :: line 567"  data: no]
Stack: onResponse@resource://devtools/shared/DevToolsUtils.js:567:34
onStopRequest@resource://gre/modules/NetUtil.jsm:128:18
Line: 567, column: 0
console.error: ({})
JavaScript error: resource://devtools/shared/DevToolsUtils.js, line 567: NS_BASE_STREAM_CLOSED: Component returned failure code: 0x80470002 (NS_BASE_STREAM_CLOSED) [nsIInputStream.available]
1613958240468	Marionette	INFO	Stopped listening on port 56438
1613958242405	geckodriver	INFO	Listening on 127.0.0.1:56551
1613958245298	mozrunner::runner	INFO	Running command: "C:\\Program Files\\Firefox Developer Edition\\firefox.exe" "--marionette" "-foreground" "-no-remote" "-profile" "C:\\Users\\LadyDeveloper\\AppData\\Local\\Temp\\rust_mozprofiler8n9o6"
console.warn: SearchSettings: "get: No settings file exists, new profile?" (new Error("", "(unknown module)"))
1613958250783	Marionette	INFO	Listening on port 56559
1613958251041	Marionette	WARN	TLS certificate errors will be ignored for this session
SourceActor threw an exception: [Exception... "Component returned failure code: 0x80470002 (NS_BASE_STREAM_CLOSED) [nsIInputStream.available]"  nsresult: "0x80470002 (NS_BASE_STREAM_CLOSED)"  location: "JS frame :: resource://devtools/shared/DevToolsUtils.js :: onResponse :: line 567"  data: no]
Stack: onResponse@resource://devtools/shared/DevToolsUtils.js:567:34
onStopRequest@resource://gre/modules/NetUtil.jsm:128:18
Line: 567, column: 0
console.error: ({})
JavaScript error: resource://devtools/shared/DevToolsUtils.js, line 567: NS_BASE_STREAM_CLOSED: Component returned failure code: 0x80470002 (NS_BASE_STREAM_CLOSED) [nsIInputStream.available]
JavaScript error: resource://activity-stream/lib/ASRouter.jsm, line 988: NS_ERROR_ILLEGAL_VALUE: Component returned failure code: 0x80070057 (NS_ERROR_ILLEGAL_VALUE) [nsIObserverService.removeObserver]
1613958414354	Marionette	INFO	Stopped listening on port 56559

###!!! [Child][RunMessage] Error: Channel closing: too late to send/recv, messages will be lost

1613958458817	geckodriver	INFO	Listening on 127.0.0.1:56682
1613958461829	mozrunner::runner	INFO	Running command: "C:\\Program Files\\Firefox Developer Edition\\firefox.exe" "--marionette" "-foreground" "-no-remote" "-profile" "C:\\Users\\LadyDeveloper\\AppData\\Local\\Temp\\rust_mozprofileV12Vi1"
console.warn: SearchSettings: "get: No settings file exists, new profile?" (new Error("", "(unknown module)"))
1613958467518	Marionette	INFO	Listening on port 56691
1613958467601	Marionette	WARN	TLS certificate errors will be ignored for this session
JavaScript error: resource://activity-stream/lib/ASRouter.jsm, line 988: NS_ERROR_ILLEGAL_VALUE: Component returned failure code: 0x80070057 (NS_ERROR_ILLEGAL_VALUE) [nsIObserverService.removeObserver]
1613958535514	Marionette	INFO	Stopped listening on port 56691

###!!! [Child][RunMessage] Error: Channel closing: too late to send/recv, messages will be lost

1613958537398	geckodriver	INFO	Listening on 127.0.0.1:56774
1613958540456	mozrunner::runner	INFO	Running command: "C:\\Program Files\\Firefox Developer Edition\\firefox.exe" "--marionette" "-foreground" "-no-remote" "-profile" "C:\\Users\\LadyDeveloper\\AppData\\Local\\Temp\\rust_mozprofileQ98sCa"
console.warn: SearchSettings: "get: No settings file exists, new profile?" (new Error("", "(unknown module)"))
1613958544294	Marionette	INFO	Listening on port 56783
1613958544637	Marionette	WARN	TLS certificate errors will be ignored for this session
SourceActor threw an exception: [Exception... "Component returned failure code: 0x80470002 (NS_BASE_STREAM_CLOSED) [nsIInputStream.available]"  nsresult: "0x80470002 (NS_BASE_STREAM_CLOSED)"  location: "JS frame :: resource://devtools/shared/DevToolsUtils.js :: onResponse :: line 567"  data: no]
Stack: onResponse@resource://devtools/shared/DevToolsUtils.js:567:34
onStopRequest@resource://gre/modules/NetUtil.jsm:128:18
Line: 567, column: 0
console.error: ({})
JavaScript error: resource://devtools/shared/DevToolsUtils.js, line 567: NS_BASE_STREAM_CLOSED: Component returned failure code: 0x80470002 (NS_BASE_STREAM_CLOSED) [nsIInputStream.available]
console.error: (new TypeError("can't access property \"treeChildren\", parent is null", "resource://devtools/client/inspector/shared/style-change-tracker.js", 67))
TypeError: can't access property "treeChildren", parent is null: canMutationImpactCurrentStyles@resource://devtools/client/inspector/shared/style-change-tracker.js:67:24
onMutations@resource://devtools/client/inspector/shared/style-change-tracker.js:84:41
_emit@resource://devtools/shared/event-emitter.js:226:34
emit@resource://devtools/shared/event-emitter.js:172:18
emit@resource://devtools/shared/event-emitter.js:324:18
getMutations@resource://devtools/client/fronts/walker.js:358:10

console.error: (new TypeError("can't access property \"getFront\", container.node.targetFront is null", "resource://devtools/client/inspector/markup/markup.js", 2305))
console.error: (new TypeError("can't access property \"getFront\", container.node.targetFront is null", "resource://devtools/client/inspector/markup/markup.js", 2305))

###!!! [Child][RunMessage] Error: Channel closing: too late to send/recv, messages will be lost


###!!! [Child][MessageChannel] Error: (msgtype=0x3A0146,name=PContent::Msg_ScriptError) Channel closing: too late to send/recv, messages will be lost


###!!! [Child][MessageChannel] Error: (msgtype=0xB60006,name=PWebSocket::Msg_DeleteSelf) Channel closing: too late to send/recv, messages will be lost

1613958644795	Marionette	INFO	Stopped listening on port 56783

###!!! [Child][RunMessage] Error: Channel closing: too late to send/recv, messages will be lost

1613958666833	geckodriver	INFO	Listening on 127.0.0.1:56876
1613958669813	mozrunner::runner	INFO	Running command: "C:\\Program Files\\Firefox Developer Edition\\firefox.exe" "--marionette" "-foreground" "-no-remote" "-profile" "C:\\Users\\LadyDeveloper\\AppData\\Local\\Temp\\rust_mozprofilecdEqHO"
console.warn: SearchSettings: "get: No settings file exists, new profile?" (new Error("", "(unknown module)"))
1613958675842	Marionette	INFO	Listening on port 56884
1613958676080	Marionette	WARN	TLS certificate errors will be ignored for this session
JavaScript error: resource://activity-stream/lib/ASRouter.jsm, line 988: NS_ERROR_ILLEGAL_VALUE: Component returned failure code: 0x80070057 (NS_ERROR_ILLEGAL_VALUE) [nsIObserverService.removeObserver]

###!!! [Child][RunMessage] Error: Channel closing: too late to send/recv, messages will be lost


###!!! [Child][RunMessage] Error: Channel closing: too late to send/recv, messages will be lost


###!!! [Child][RunMessage] Error: Channel closing: too late to send/recv, messages will be lost

1613958764590	Marionette	INFO	Stopped listening on port 56884

###!!! [Child][RunMessage] Error: Channel closing: too late to send/recv, messages will be lost

1613958766571	geckodriver	INFO	Listening on 127.0.0.1:56976
1613958769594	mozrunner::runner	INFO	Running command: "C:\\Program Files\\Firefox Developer Edition\\firefox.exe" "--marionette" "-foreground" "-no-remote" "-profile" "C:\\Users\\LadyDeveloper\\AppData\\Local\\Temp\\rust_mozprofileMfokJh"
console.warn: SearchSettings: "get: No settings file exists, new profile?" (new Error("", "(unknown module)"))
1613958774223	Marionette	INFO	Listening on port 56989
1613958774344	Marionette	WARN	TLS certificate errors will be ignored for this session
Handler function threw an exception: [Exception... "Component returned failure code: 0x80040111 (NS_ERROR_NOT_AVAILABLE) [nsIHttpChannelInternal.remoteAddress]"  nsresult: "0x80040111 (NS_ERROR_NOT_AVAILABLE)"  location: "JS frame :: resource://devtools/server/actors/network-monitor/network-observer.js :: _onResponseHeader :: line 1186"  data: no]
Stack: _onResponseHeader@resource://devtools/server/actors/network-monitor/network-observer.js:1186:5
_dispatchActivity@resource://devtools/server/actors/network-monitor/network-observer.js:631:14
NetworkObserver.prototype.observeActivity<@resource://devtools/server/actors/network-monitor/network-observer.js:740:12
exports.makeInfallible/<@resource://devtools/shared/ThreadSafeDevToolsUtils.js:103:22
Line: 1186, column: 0
console.error: ({})
Handler function threw an exception: TypeError: can't access property "last" of undefined
Stack: _getWaitTiming@resource://devtools/server/actors/network-monitor/network-observer.js:1285:1
_setupHarTimings@resource://devtools/server/actors/network-monitor/network-observer.js:1510:28
_onTransactionClose@resource://devtools/server/actors/network-monitor/network-observer.js:1233:27
_dispatchActivity@resource://devtools/server/actors/network-monitor/network-observer.js:634:14
NetworkObserver.prototype.observeActivity<@resource://devtools/server/actors/network-monitor/network-observer.js:740:12
exports.makeInfallible/<@resource://devtools/shared/ThreadSafeDevToolsUtils.js:103:22
Line: 1285, column: 1
console.error: (new TypeError("can't access property \"last\" of undefined", "resource://devtools/server/actors/network-monitor/network-observer.js", 1285))
Handler function threw an exception: [Exception... "Component returned failure code: 0x80040111 (NS_ERROR_NOT_AVAILABLE) [nsIHttpChannelInternal.remoteAddress]"  nsresult: "0x80040111 (NS_ERROR_NOT_AVAILABLE)"  location: "JS frame :: resource://devtools/server/actors/network-monitor/network-observer.js :: _onResponseHeader :: line 1186"  data: no]
Stack: _onResponseHeader@resource://devtools/server/actors/network-monitor/network-observer.js:1186:5
_dispatchActivity@resource://devtools/server/actors/network-monitor/network-observer.js:631:14
NetworkObserver.prototype.observeActivity<@resource://devtools/server/actors/network-monitor/network-observer.js:740:12
exports.makeInfallible/<@resource://devtools/shared/ThreadSafeDevToolsUtils.js:103:22
Line: 1186, column: 0
console.error: ({})
Handler function threw an exception: TypeError: can't access property "last" of undefined
Stack: _getWaitTiming@resource://devtools/server/actors/network-monitor/network-observer.js:1285:1
_setupHarTimings@resource://devtools/server/actors/network-monitor/network-observer.js:1510:28
_onTransactionClose@resource://devtools/server/actors/network-monitor/network-observer.js:1233:27
_dispatchActivity@resource://devtools/server/actors/network-monitor/network-observer.js:634:14
NetworkObserver.prototype.observeActivity<@resource://devtools/server/actors/network-monitor/network-observer.js:740:12
exports.makeInfallible/<@resource://devtools/shared/ThreadSafeDevToolsUtils.js:103:22
Line: 1285, column: 1
console.error: (new TypeError("can't access property \"last\" of undefined", "resource://devtools/server/actors/network-monitor/network-observer.js", 1285))
JavaScript error: resource://activity-stream/lib/ASRouter.jsm, line 988: NS_ERROR_ILLEGAL_VALUE: Component returned failure code: 0x80070057 (NS_ERROR_ILLEGAL_VALUE) [nsIObserverService.removeObserver]
1614566749659	Marionette	INFO	Stopped listening on port 56989
1614566764545	geckodriver	INFO	Listening on 127.0.0.1:58537
1614566767811	mozrunner::runner	INFO	Running command: "C:\\Program Files\\Firefox Developer Edition\\firefox.exe" "--marionette" "-foreground" "-no-remote" "-profile" "C:\\Users\\LadyDeveloper\\AppData\\Local\\Temp\\rust_mozprofilerIkGVU"
console.warn: SearchSettings: "get: No settings file exists, new profile?" (new Error("", "(unknown module)"))
1614566776796	Marionette	INFO	Listening on port 58547
1614566777292	Marionette	WARN	TLS certificate errors will be ignored for this session
Marionette threw an error: TypeError: can't access property "getActor", browsingContextFn().currentWindowGlobal is null
getMarionetteCommandsActorProxy/get/<@chrome://marionette/content/actors/MarionetteCommandsParent.jsm:332:29

[Child 20568, IPC I/O Child] WARNING: pipe error: 232: file /builds/worker/checkouts/gecko/ipc/chromium/src/chrome/common/ipc_channel_win.cc:545
[Child 20568, IPC I/O Child] WARNING: pipe error: 232: file /builds/worker/checkouts/gecko/ipc/chromium/src/chrome/common/ipc_channel_win.cc:545

###!!! [Child][RunMessage] Error: Channel closing: too late to send/recv, messages will be lost

1614566841293	Marionette	INFO	Stopped listening on port 58547
1614566850623	geckodriver	INFO	Listening on 127.0.0.1:58728
1614566855054	mozrunner::runner	INFO	Running command: "C:\\Program Files\\Firefox Developer Edition\\firefox.exe" "--marionette" "-foreground" "-no-remote" "-profile" "C:\\Users\\LadyDeveloper\\AppData\\Local\\Temp\\rust_mozprofile9FyxzA"
console.warn: SearchSettings: "get: No settings file exists, new profile?" (new Error("", "(unknown module)"))
1614566866998	Marionette	INFO	Listening on port 58736
1614566867210	Marionette	WARN	TLS certificate errors will be ignored for this session

###!!! [Child][RunMessage] Error: Channel closing: too late to send/recv, messages will be lost


###!!! [Child][RunMessage] Error: Channel closing: too late to send/recv, messages will be lost

1614567530251	Marionette	INFO	Stopped listening on port 58736
1614567535078	geckodriver	INFO	Listening on 127.0.0.1:58951
1614567538020	mozrunner::runner	INFO	Running command: "C:\\Program Files\\Firefox Developer Edition\\firefox.exe" "--marionette" "-foreground" "-no-remote" "-profile" "C:\\Users\\LadyDeveloper\\AppData\\Local\\Temp\\rust_mozprofile7kk7dE"
console.warn: SearchSettings: "get: No settings file exists, new profile?" (new Error("", "(unknown module)"))
1614567546496	Marionette	INFO	Listening on port 58959
1614567547077	Marionette	WARN	TLS certificate errors will be ignored for this session
1614654889192	Marionette	INFO	Stopped listening on port 58959

###!!! [Child][RunMessage] Error: Channel closing: too late to send/recv, messages will be lost

